{
  "Cucumber Features": {
    "coverage": {
      "/Users/jodyrogan/FinalProject/blender/app/helpers/activities_helper.rb": [
        1,
        null
      ],
      "/Users/jodyrogan/FinalProject/blender/app/helpers/application_helper.rb": [
        1,
        1,
        4,
        null,
        null,
        1,
        7,
        null,
        null,
        1,
        0,
        null,
        null
      ],
      "/Users/jodyrogan/FinalProject/blender/app/helpers/devise_helper.rb": [
        1,
        1,
        12,
        null,
        8,
        3,
        null,
        null,
        null,
        3,
        null,
        null,
        null,
        null,
        null,
        null,
        3,
        null,
        null
      ],
      "/Users/jodyrogan/FinalProject/blender/app/helpers/site_helper.rb": [
        1,
        null
      ],
      "/Users/jodyrogan/FinalProject/blender/app/models/user.rb": [
        1,
        1,
        null,
        1,
        null,
        1,
        0,
        0,
        0,
        null,
        null,
        null,
        1,
        2,
        2,
        0,
        null,
        null,
        null,
        null
      ],
      "/Users/jodyrogan/FinalProject/blender/app/models/application_record.rb": [
        1,
        1,
        null
      ],
      "/Users/jodyrogan/FinalProject/blender/app/controllers/site_controller.rb": [
        1,
        null
      ],
      "/Users/jodyrogan/FinalProject/blender/app/controllers/application_controller.rb": [
        1,
        1,
        null
      ],
      "/Users/jodyrogan/FinalProject/blender/app/controllers/activities_controller.rb": [
        1,
        null,
        1,
        null,
        1,
        1,
        null,
        null,
        1,
        null,
        null,
        1,
        1,
        1,
        9,
        null,
        null,
        null,
        1,
        null,
        null,
        1,
        0,
        null,
        0,
        0,
        0,
        0,
        null,
        0,
        0,
        null,
        null,
        null,
        null,
        1,
        0,
        0,
        0,
        0,
        null,
        0,
        0,
        null,
        null,
        null,
        null,
        1,
        0,
        0,
        0,
        0,
        null,
        null,
        null,
        1,
        null,
        1,
        0,
        null,
        null,
        1,
        0,
        null,
        null
      ],
      "/Users/jodyrogan/FinalProject/blender/app/models/activity.rb": [
        1,
        1,
        1,
        1,
        1,
        1,
        1,
        null
      ],
      "/Users/jodyrogan/FinalProject/blender/app/models/task.rb": [
        1,
        1,
        1,
        null
      ],
      "/Users/jodyrogan/FinalProject/blender/app/controllers/users/omniauth_callbacks_controller.rb": [
        0,
        0,
        0,
        0,
        0,
        0,
        0,
        0,
        0,
        0,
        0,
        0,
        0,
        0,
        0,
        0,
        0,
        0
      ]
    },
    "timestamp": 1486316028
  },
  "RSpec": {
    "coverage": {
      "/Users/jodyrogan/FinalProject/blender/app/helpers/activities_helper.rb": [
        1,
        null
      ],
      "/Users/jodyrogan/FinalProject/blender/app/helpers/application_helper.rb": [
        1,
        1,
        6,
        null,
        null,
        1,
        7,
        null,
        null,
        1,
        0,
        null,
        null
      ],
      "/Users/jodyrogan/FinalProject/blender/app/helpers/devise_helper.rb": [
        1,
        1,
        4,
        null,
        0,
        0,
        null,
        null,
        null,
        0,
        null,
        null,
        null,
        null,
        null,
        null,
        0,
        null,
        null
      ],
      "/Users/jodyrogan/FinalProject/blender/app/helpers/site_helper.rb": [
        1,
        null
      ],
      "/Users/jodyrogan/FinalProject/blender/app/models/user.rb": [
        1,
        1,
        null,
        1,
        null,
        1,
        2,
        2,
        2,
        null,
        null,
        null,
        1,
        0,
        0,
        0,
        null,
        null,
        null,
        null
      ],
      "/Users/jodyrogan/FinalProject/blender/app/models/application_record.rb": [
        1,
        1,
        null
      ],
      "/Users/jodyrogan/FinalProject/blender/app/controllers/activities_controller.rb": [
        1,
        null,
        1,
        null,
        1,
        0,
        null,
        null,
        1,
        null,
        null,
        1,
        0,
        0,
        0,
        null,
        null,
        null,
        1,
        null,
        null,
        1,
        0,
        null,
        0,
        0,
        0,
        0,
        null,
        0,
        0,
        null,
        null,
        null,
        null,
        1,
        0,
        0,
        0,
        0,
        null,
        0,
        0,
        null,
        null,
        null,
        null,
        1,
        0,
        0,
        0,
        0,
        null,
        null,
        null,
        1,
        null,
        1,
        0,
        null,
        null,
        1,
        0,
        null,
        null
      ],
      "/Users/jodyrogan/FinalProject/blender/app/controllers/application_controller.rb": [
        1,
        1,
        null
      ],
      "/Users/jodyrogan/FinalProject/blender/app/controllers/site_controller.rb": [
        1,
        null
      ],
      "/Users/jodyrogan/FinalProject/blender/app/models/activity.rb": [
        1,
        1,
        1,
        1,
        1,
        1,
        1,
        null
      ],
      "/Users/jodyrogan/FinalProject/blender/app/models/task.rb": [
        1,
        1,
        1,
        null
      ],
      "/Users/jodyrogan/FinalProject/blender/app/controllers/users/omniauth_callbacks_controller.rb": [
        1,
        1,
        null,
        2,
        null,
        2,
        1,
        1,
        null,
        1,
        1,
        null,
        null,
        null,
        1,
        0,
        null,
        null
      ]
    },
    "timestamp": 1486315640
  }
}
